[21:32:01] [main/INFO] (FabricLoader/GameProvider) Loading Minecraft 1.19.4-pre3 with Fabric Loader 0.14.14
[21:32:01] [main/INFO] (FabricLoader) Loading 48 mods:
	- fabric-api 0.75.2+1.19.4
	- fabric-api-base 0.4.23+9ff28bced8
	- fabric-api-lookup-api-v1 1.6.24+49abcf7ed8
	- fabric-biome-api-v1 13.0.5+fe9afa9dd8
	- fabric-block-api-v1 1.0.5+e022e5d1d8
	- fabric-blockrenderlayer-v1 1.1.33+c2e6f674d8
	- fabric-client-tags-api-v1 1.0.14+1134c5b8d8
	- fabric-command-api-v2 2.2.4+ae0966bad8
	- fabric-content-registries-v0 3.5.6+ae0966bad8
	- fabric-convention-tags-v1 1.3.0+6baaf971d8
	- fabric-crash-report-info-v1 0.2.14+aeb40ebed8
	- fabric-data-generation-api-v1 11.3.4+5da15ca1d8
	- fabric-dimensions-v1 2.1.44+7f87f8fad8
	- fabric-entity-events-v1 1.5.12+e45f7c65d8
	- fabric-events-interaction-v0 0.4.42+a1ccd7bfd8
	- fabric-game-rule-api-v1 1.0.32+a1ccd7bfd8
	- fabric-gametest-api-v1 1.2.1+ae0966bad8
	- fabric-item-api-v1 2.1.15+ae0966bad8
	- fabric-item-group-api-v1 3.0.2+e45f7c655a
	- fabric-key-binding-api-v1 1.0.32+c477957ed8
	- fabric-lifecycle-events-v1 2.2.14+5da15ca1d8
	- fabric-loot-api-v2 1.1.24+75e98211d8
	- fabric-message-api-v1 5.1.0+1ee8be40d8
	- fabric-mining-level-api-v1 2.1.36+49abcf7ed8
	- fabric-models-v0 0.3.29+11ba9c3bd8
	- fabric-networking-api-v1 1.2.21+4e68ac5bd8
	- fabric-object-builder-api-v1 7.0.0+63b515f45a
	- fabric-particles-v1 1.0.22+f1e4495bd8
	- fabric-recipe-api-v1 1.0.5+a1ccd7bfd8
	- fabric-registry-sync-v0 2.1.1+a383ab97d8
	- fabric-renderer-api-v1 2.2.4+81e8c576d8
	- fabric-renderer-indigo 1.1.0+81e8c576d8
	- fabric-rendering-data-attachment-v1 0.3.27+afca2f3ed8
	- fabric-rendering-fluids-v1 3.0.20+f1e4495bd8
	- fabric-rendering-v1 2.0.2+ae0966bad8
	- fabric-resource-conditions-api-v1 2.3.0+e6c7d4eed8
	- fabric-resource-loader-v0 0.10.9+711cde8ad8
	- fabric-screen-api-v1 1.0.43+f1e4495bd8
	- fabric-screen-handler-api-v1 1.3.17+5da15ca1d8
	- fabric-sound-api-v1 1.0.8+75e98211d8
	- fabric-transfer-api-v1 3.0.1+9003cbe9d8
	- fabric-transitive-access-wideners-v1 3.0.2+63b515f4d8
	- fabricloader 0.14.14
	- java 17
	- minecraft 1.19.4-beta.3
	- pearfection 0.7.8
	- snifferiety 1.1.0
	- terraform-wood-api-v1 6.0.0-beta.1
[21:32:02] [main/INFO] (FabricLoader/Mixin) SpongePowered MIXIN Subsystem Version=0.8.5 Source=file:/C:/Users/Arshi/.gradle/caches/modules-2/files-2.1/net.fabricmc/sponge-mixin/0.11.4+mixin.0.8.5/c1dc27696aa4006e492c2485c9ccbcb26045a971/sponge-mixin-0.11.4+mixin.0.8.5.jar Service=Knot/Fabric Env=CLIENT
[21:32:02] [main/INFO] (FabricLoader/Mixin) Loaded Fabric development mappings for mixin remapper!
[21:32:02] [main/INFO] (FabricLoader/Mixin) Compatibility level set to JAVA_17
[21:32:12] [Datafixer Bootstrap/INFO] (Minecraft) 180 Datafixer optimizations took 296 milliseconds
[21:32:16] [Render thread/INFO] (Minecraft) Environment: authHost='https://authserver.mojang.com', accountsHost='https://api.mojang.com', sessionHost='https://sessionserver.mojang.com', servicesHost='https://api.minecraftservices.com', name='PROD'
[21:32:16] [Render thread/ERROR] (Minecraft) Failed to verify authentication
com.mojang.authlib.exceptions.InvalidCredentialsException: Status: 401
	at com.mojang.authlib.exceptions.MinecraftClientHttpException.toAuthenticationException(MinecraftClientHttpException.java:56) ~[authlib-3.17.30.jar:?]
	at com.mojang.authlib.yggdrasil.YggdrasilUserApiService.fetchProperties(YggdrasilUserApiService.java:156) ~[authlib-3.17.30.jar:?]
	at com.mojang.authlib.yggdrasil.YggdrasilUserApiService.<init>(YggdrasilUserApiService.java:55) ~[authlib-3.17.30.jar:?]
	at com.mojang.authlib.yggdrasil.YggdrasilAuthenticationService.createUserApiService(YggdrasilAuthenticationService.java:161) ~[authlib-3.17.30.jar:?]
	at net.minecraft.client.MinecraftClient.createUserApiService(MinecraftClient.java:731) ~[minecraft-project-@-merged-named.jar:?]
	at net.minecraft.client.MinecraftClient.<init>(MinecraftClient.java:439) ~[minecraft-project-@-merged-named.jar:?]
	at net.minecraft.client.main.Main.main(Main.java:198) ~[minecraft-project-@-merged-named.jar:?]
	at net.fabricmc.loader.impl.game.minecraft.MinecraftGameProvider.launch(MinecraftGameProvider.java:461) ~[fabric-loader-0.14.14.jar:?]
	at net.fabricmc.loader.impl.launch.knot.Knot.launch(Knot.java:74) ~[fabric-loader-0.14.14.jar:?]
	at net.fabricmc.loader.impl.launch.knot.KnotClient.main(KnotClient.java:23) ~[fabric-loader-0.14.14.jar:?]
	at net.fabricmc.devlaunchinjector.Main.main(Main.java:86) ~[dev-launch-injector-0.2.1+build.8.jar:?]
Caused by: com.mojang.authlib.exceptions.MinecraftClientHttpException: Status: 401
	at com.mojang.authlib.minecraft.client.MinecraftClient.readInputStream(MinecraftClient.java:87) ~[authlib-3.17.30.jar:?]
	at com.mojang.authlib.minecraft.client.MinecraftClient.get(MinecraftClient.java:48) ~[authlib-3.17.30.jar:?]
	at com.mojang.authlib.yggdrasil.YggdrasilUserApiService.fetchProperties(YggdrasilUserApiService.java:129) ~[authlib-3.17.30.jar:?]
	... 9 more
[21:32:16] [Render thread/INFO] (Minecraft) Setting user: Player629
[21:32:17] [Render thread/INFO] (pearfection) Pearfection has been initialized.
[21:32:17] [Render thread/INFO] (Indigo) [Indigo] Registering Indigo renderer!
[21:32:18] [Render thread/INFO] (Minecraft) Backend library: LWJGL version 3.3.1 SNAPSHOT
[21:32:20] [Render thread/INFO] (Minecraft) Narrator library for x64 successfully loaded
[21:32:20] [Render thread/INFO] (Minecraft) Reloading ResourceManager: vanilla, Fabric Mods (Fabric Sound API (v1), Fabric Key Binding API (v1), Fabric Networking API (v1), Fabric Rendering Fluids (v1), Fabric Biome API (v1), Fabric Recipe API (v1), Fabric Resource Loader (v0), Fabric API Base, Fabric Lifecycle Events (v1), Fabric Message API (v1), Fabric Renderer - Indigo, Fabric Rendering (v1), Fabric Dimensions API (v1), Fabric Item Group API (v1), Fabric Convention Tags, Fabric Game Rule API (v1), Fabric Renderer API (v1), Fabric API Lookup API (v1), Fabric Registry Sync (v0), Fabric Events Interaction (v0), Fabric Crash Report Info (v1), Fabric Transfer API (v1), Fabric Models (v0), Fabric Mining Level API (v1), Fabric Screen API (v1), Fabric Client Tags, Fabric Particles (v1), Pearfection, Fabric Loot API (v2), Fabric Rendering Data Attachment (v1), Fabric Loader, Fabric Screen Handler API (v1), Fabric Content Registries (v0), Terraform Wood API (v1), Fabric Entity Events (v1), Fabric Resource Conditions API (v1), Fabric API, Fabric Item API (v1), Fabric Transitive Access Wideners (v1), Fabric Data Generation API (v1), Fabric Command API (v2), Fabric Object Builder API (v1), Fabric Game Test API (v1), Fabric BlockRenderLayer Registration (v1), Fabric Block API (v1))
[21:32:21] [Realms Notification Availability checker #1/INFO] (Minecraft) Could not authorize you against Realms server: Invalid session id
[21:32:22] [Worker-Main-7/WARN] (Minecraft) Unable to load model: 'wilderwild:block/template_hollowed_log' referenced from: pearfection:hollowed_callery_stem#axis=x,waterlogged=true: java.io.FileNotFoundException: wilderwild:models/block/template_hollowed_log.json
[21:32:23] [Render thread/WARN] (Minecraft) Missing sound for event: minecraft:item.goat_horn.play
[21:32:23] [Render thread/WARN] (Minecraft) Missing sound for event: minecraft:entity.goat.screaming.horn_break
[21:32:23] [Render thread/WARN] (Minecraft) Missing sound for event: minecraft:music.overworld.cherry_grove
[21:32:23] [Render thread/INFO] (Minecraft) OpenAL initialized on device OpenAL Soft on Speakers (Realtek(R) Audio)
[21:32:23] [Render thread/INFO] (Minecraft) Sound engine started
[21:32:23] [Render thread/INFO] (Minecraft) Created: 1024x512x4 minecraft:textures/atlas/blocks.png-atlas
[21:32:24] [Render thread/INFO] (Minecraft) Created: 256x256x4 minecraft:textures/atlas/signs.png-atlas
[21:32:24] [Render thread/INFO] (Minecraft) Created: 512x512x4 minecraft:textures/atlas/shield_patterns.png-atlas
[21:32:24] [Render thread/INFO] (Minecraft) Created: 512x512x4 minecraft:textures/atlas/banner_patterns.png-atlas
[21:32:24] [Render thread/INFO] (Minecraft) Created: 1024x1024x4 minecraft:textures/atlas/armor_trims.png-atlas
[21:32:24] [Render thread/INFO] (Minecraft) Created: 64x64x4 minecraft:textures/atlas/decorated_pot.png-atlas
[21:32:24] [Render thread/INFO] (Minecraft) Created: 256x256x4 minecraft:textures/atlas/chest.png-atlas
[21:32:24] [Render thread/INFO] (Minecraft) Created: 512x256x4 minecraft:textures/atlas/beds.png-atlas
[21:32:24] [Render thread/INFO] (Minecraft) Created: 512x256x4 minecraft:textures/atlas/shulker_boxes.png-atlas
[21:32:25] [Render thread/WARN] (Minecraft) Shader rendertype_entity_translucent_emissive could not find sampler named Sampler2 in the specified shader program.
[21:32:26] [Render thread/INFO] (Minecraft) Created: 256x256x0 minecraft:textures/atlas/particles.png-atlas
[21:32:26] [Render thread/INFO] (Minecraft) Created: 256x256x0 minecraft:textures/atlas/paintings.png-atlas
[21:32:26] [Render thread/INFO] (Minecraft) Created: 128x128x0 minecraft:textures/atlas/mob_effects.png-atlas
[21:33:00] [Render thread/INFO] (Minecraft) Loaded 7 recipes
[21:33:00] [Render thread/INFO] (Minecraft) Loaded 1269 advancements
[21:33:01] [Render thread/INFO] (BiomeModificationImpl) Applied 0 biome modifications to 0 of 64 new biomes in 4.118 ms
[21:33:01] [Server thread/INFO] (Minecraft) Starting integrated minecraft server version 1.19.4 Pre-release 3
[21:33:01] [Server thread/INFO] (Minecraft) Generating keypair
[21:33:04] [Server thread/INFO] (Minecraft) Preparing start region for dimension minecraft:overworld
[21:33:09] [Render thread/INFO] (Minecraft) Preparing spawn area: 0%
[21:33:09] [Render thread/INFO] (Minecraft) Preparing spawn area: 0%
[21:33:09] [Render thread/INFO] (Minecraft) Preparing spawn area: 0%
[21:33:09] [Render thread/INFO] (Minecraft) Preparing spawn area: 0%
[21:33:09] [Render thread/INFO] (Minecraft) Preparing spawn area: 0%
[21:33:09] [Render thread/INFO] (Minecraft) Preparing spawn area: 0%
[21:33:09] [Render thread/INFO] (Minecraft) Preparing spawn area: 0%
[21:33:09] [Render thread/INFO] (Minecraft) Preparing spawn area: 0%
[21:33:09] [Render thread/INFO] (Minecraft) Preparing spawn area: 0%
[21:33:09] [Render thread/INFO] (Minecraft) Preparing spawn area: 0%
[21:33:09] [Render thread/INFO] (Minecraft) Preparing spawn area: 0%
[21:33:09] [Render thread/INFO] (Minecraft) Preparing spawn area: 0%
[21:33:10] [Render thread/INFO] (Minecraft) Preparing spawn area: 0%
[21:33:10] [Render thread/INFO] (Minecraft) Preparing spawn area: 10%
[21:33:11] [Render thread/INFO] (Minecraft) Preparing spawn area: 58%
[21:33:11] [Render thread/INFO] (Minecraft) Preparing spawn area: 76%
[21:33:12] [Render thread/INFO] (Minecraft) Time elapsed: 7885 ms
[21:33:12] [Server thread/INFO] (Minecraft) Changing view distance to 12, from 10
[21:33:12] [Server thread/INFO] (Minecraft) Changing simulation distance to 7, from 0
[21:33:14] [Server thread/INFO] (Minecraft) Player629[local:E:2a43f882] logged in with entity id 238 at (-159.7191435406748, 118.0, -112.14308675793293)
[21:33:14] [Server thread/INFO] (Minecraft) Player629 joined the game
[21:33:15] [Render thread/INFO] (Minecraft) Loaded 27 advancements
[21:33:23] [Server thread/INFO] (Minecraft) [Player629: Set the time to 1000]
[21:33:24] [Render thread/INFO] (Minecraft) [System] [CHAT] Set the time to 1000
[21:35:55] [Render thread/INFO] (Minecraft) Loaded 28 advancements
[21:36:05] [Server thread/INFO] (Minecraft) Saving and pausing game...
[21:36:06] [Server thread/INFO] (Minecraft) Saving chunks for level 'ServerLevel[New World]'/minecraft:overworld
[21:36:06] [Server thread/INFO] (Minecraft) Saving chunks for level 'ServerLevel[New World]'/minecraft:the_end
[21:36:06] [Server thread/INFO] (Minecraft) Saving chunks for level 'ServerLevel[New World]'/minecraft:the_nether
[21:36:23] [Server thread/INFO] (Minecraft) Player629 lost connection: Disconnected
[21:36:23] [Server thread/INFO] (Minecraft) Player629 left the game
[21:36:23] [Server thread/INFO] (Minecraft) Stopping singleplayer server as player logged out
[21:36:23] [Server thread/INFO] (Minecraft) Stopping server
[21:36:23] [Server thread/INFO] (Minecraft) Saving players
[21:36:23] [Server thread/INFO] (Minecraft) Saving worlds
[21:36:27] [Server thread/INFO] (Minecraft) Saving chunks for level 'ServerLevel[New World]'/minecraft:overworld
[21:36:27] [Server thread/INFO] (Minecraft) Saving chunks for level 'ServerLevel[New World]'/minecraft:the_end
[21:36:27] [Server thread/INFO] (Minecraft) Saving chunks for level 'ServerLevel[New World]'/minecraft:the_nether
[21:36:27] [Server thread/INFO] (Minecraft) ThreadedAnvilChunkStorage (New World (9)): All chunks are saved
[21:36:27] [Server thread/INFO] (Minecraft) ThreadedAnvilChunkStorage (DIM1): All chunks are saved
[21:36:27] [Server thread/INFO] (Minecraft) ThreadedAnvilChunkStorage (DIM-1): All chunks are saved
[21:36:27] [Server thread/INFO] (Minecraft) ThreadedAnvilChunkStorage: All dimensions are saved
[21:36:28] [Render thread/INFO] (Minecraft) Stopping!
